<?xml version="1.0" encoding="UTF-8"?>
<!-- Generated by org.testng.reporters.JUnitReportReporter -->
<testsuite hostname="md3i4r3c" failures="0" tests="4" name="api.test.UserTests2" time="7.113" errors="0" timestamp="2024-03-04T23:13:25 IST" skipped="0">
  <testcase classname="api.test.UserTests2" name="testPostUser" time="2.474"/>
  <system-out/>
  <testcase classname="api.test.UserTests2" name="testGetUserByName" time="1.150"/>
  <system-out/>
  <testcase classname="api.test.UserTests2" name="testUpdateUserByName" time="2.328"/>
  <system-out/>
  <testcase classname="api.test.UserTests2" name="testDeleteUserByName" time="1.161"/>
  <system-out/>
</testsuite> <!-- api.test.UserTests2 -->
