<?xml version="1.0" encoding="UTF-8"?>
<!-- Generated by org.testng.reporters.JUnitReportReporter -->
<testsuite hostname="md3i4r3c" failures="0" tests="6" name="api.test.DDTests" time="8.178" errors="0" timestamp="2024-03-04T23:08:50 IST" skipped="0">
  <testcase classname="api.test.DDTests" name="testPostuser" time="1.137"/>
  <system-out/>
  <testcase classname="api.test.DDTests" name="testPostuser" time="2.483"/>
  <system-out/>
  <testcase classname="api.test.DDTests" name="testPostuser" time="1.122"/>
  <system-out/>
  <testcase classname="api.test.DDTests" name="testDeleteUserByName" time="1.170"/>
  <system-out/>
  <testcase classname="api.test.DDTests" name="testDeleteUserByName" time="1.128"/>
  <system-out/>
  <testcase classname="api.test.DDTests" name="testDeleteUserByName" time="1.138"/>
  <system-out/>
</testsuite> <!-- api.test.DDTests -->
